2020-02-13 14:04:23,122 - root - INFO - db_calls.py:200 - Obtaining registry data...
2020-02-13 14:04:23,122 - root - INFO - db_calls.py:64 - Connecting to database...
2020-02-13 14:04:23,691 - root - INFO - db_calls.py:275 - Importing data...
2020-02-13 14:04:32,103 - root - INFO - db_calls.py:220 - Obtaining source data...
2020-02-13 14:04:32,103 - root - INFO - db_calls.py:64 - Connecting to database...
2020-02-13 14:04:32,670 - root - INFO - db_calls.py:275 - Importing data...
2020-02-13 14:04:33,604 - root - INFO - data_processing.py:172 - Re-organising source data...
2020-02-13 14:04:33,638 - root - INFO - data_processing.py:202 - ...done
2020-02-13 14:04:33,669 - root - INFO - data_processing.py:275 - Re-organising registry data...
2020-02-13 14:04:42,315 - root - INFO - data_processing.py:317 - ...done
2020-02-13 14:04:43,434 - root - INFO - data_matching.py:171 - Starting matching...
2020-02-13 14:04:50,013 - root - INFO - csvlink.py:99 - imported 221 rows from file 1
2020-02-13 14:04:50,013 - root - INFO - csvlink.py:100 - imported 237353 rows from file 2
2020-02-13 14:04:50,013 - root - INFO - csvlink.py:103 - using fields: ['src_name_adj']
2020-02-13 14:04:50,013 - root - INFO - csvlink.py:112 - reading from previous training cache /Users/davidmellor/Code/Spend_Network/Data_Projects/Project_Cascade/Regions/UK_entities/Data_Inputs/Training_Files/Name_Only/learned_settings
2020-02-13 14:04:50,418 - root - INFO - csvlink.py:145 - blocking...
2020-02-13 14:04:50,419 - root - INFO - csvlink.py:157 - finding a good threshold with a recall_weight of 1
2020-02-13 14:05:08,540 - root - INFO - csvlink.py:164 - clustering...
2020-02-13 14:05:14,988 - root - INFO - csvlink.py:169 - # duplicate sets 51
2020-02-13 14:05:14,990 - root - INFO - csvhelpers.py:142 - saving unique results to: <_io.TextIOWrapper name='/Users/davidmellor/Code/Spend_Network/Data_Projects/Project_Cascade/Regions/UK_entities/Outputs/Name_Only/Deduped_Data/Name_Only_matched.csv' mode='w' encoding='utf-8'>
2020-02-13 14:05:19,273 - root - INFO - data_matching.py:208 - Starting clustering...
2020-02-13 14:05:19,281 - root - INFO - csvdedupe.py:72 - imported 136 rows
2020-02-13 14:05:19,281 - root - INFO - csvdedupe.py:83 - using fields: ['src_name_adj']
2020-02-13 14:05:19,281 - root - INFO - csvdedupe.py:92 - reading from previous training cache /Users/davidmellor/Code/Spend_Network/Data_Projects/Project_Cascade/Regions/UK_entities/Data_Inputs/Training_Files/Name_Only/learned_settings
2020-02-13 14:05:19,409 - root - INFO - csvdedupe.py:115 - blocking...
2020-02-13 14:05:19,409 - root - INFO - csvdedupe.py:127 - finding a good threshold with a recall_weight of 1
2020-02-13 14:05:19,539 - root - INFO - csvdedupe.py:133 - clustering...
2020-02-13 14:05:19,663 - root - INFO - csvdedupe.py:148 - # duplicate sets 7
2020-02-13 14:05:19,663 - root - INFO - csvhelpers.py:67 - saving results to: <_io.TextIOWrapper name='/Users/davidmellor/Code/Spend_Network/Data_Projects/Project_Cascade/Regions/UK_entities/Outputs/Name_Only/Deduped_Data/Name_Only_matched_clustered.csv' mode='w' encoding='utf-8'>
2020-02-13 14:05:19,756 - root - INFO - data_processing.py:346 - Assigning close matches within clusters...
